{
  "stats": {
    "suites": 1,
    "tests": 2,
    "passes": 2,
    "pending": 0,
    "failures": 0,
    "start": "2021-11-23T05:39:01.362Z",
    "end": "2021-11-23T05:39:02.387Z",
    "duration": 1025,
    "testsRegistered": 2,
    "passPercent": 100,
    "pendingPercent": 0,
    "other": 0,
    "hasOther": false,
    "skipped": 0,
    "hasSkipped": false
  },
  "results": [
    {
      "uuid": "0070ccbb-a505-4c91-9e8c-cdb008cf880a",
      "title": "",
      "fullFile": "cypress/integration/homepage.spec.js",
      "file": "cypress/integration/homepage.spec.js",
      "beforeHooks": [],
      "afterHooks": [],
      "tests": [],
      "suites": [
        {
          "uuid": "43343e82-4c37-4042-9112-f78e7149d81b",
          "title": "Homepage",
          "fullFile": "",
          "file": "",
          "beforeHooks": [],
          "afterHooks": [],
          "tests": [
            {
              "title": "should load successfully",
              "fullTitle": "Homepage should load successfully",
              "timedOut": null,
              "duration": 855,
              "state": "passed",
              "speed": "fast",
              "pass": true,
              "fail": false,
              "pending": false,
              "context": null,
              "code": "cy.visit('/');",
              "err": {},
              "uuid": "037f0b91-9ea4-4152-9213-792304b9b5f5",
              "parentUUID": "43343e82-4c37-4042-9112-f78e7149d81b",
              "isHook": false,
              "skipped": false
            },
            {
              "title": "should contain right spells",
              "fullTitle": "Homepage should contain right spells",
              "timedOut": null,
              "duration": 145,
              "state": "passed",
              "speed": "fast",
              "pass": true,
              "fail": false,
              "pending": false,
              "context": null,
              "code": "cy.contains('Users');\ncy.contains('Admin');\ncy.get('mat-select').click();\ncy.contains('Register');",
              "err": {},
              "uuid": "136c1881-2edd-469e-893a-efb33b26a92b",
              "parentUUID": "43343e82-4c37-4042-9112-f78e7149d81b",
              "isHook": false,
              "skipped": false
            }
          ],
          "suites": [],
          "passes": [
            "037f0b91-9ea4-4152-9213-792304b9b5f5",
            "136c1881-2edd-469e-893a-efb33b26a92b"
          ],
          "failures": [],
          "pending": [],
          "skipped": [],
          "duration": 1000,
          "root": false,
          "rootEmpty": false,
          "_timeout": 2000
        }
      ],
      "passes": [],
      "failures": [],
      "pending": [],
      "skipped": [],
      "duration": 0,
      "root": true,
      "rootEmpty": true,
      "_timeout": 2000
    }
  ],
  "meta": {
    "mocha": {
      "version": "7.0.1"
    },
    "mochawesome": {
      "options": {
        "quiet": false,
        "reportFilename": "mochawesome",
        "saveHtml": false,
        "saveJson": true,
        "consoleReporter": "spec",
        "useInlineDiffs": false,
        "code": true
      },
      "version": "7.0.1"
    },
    "marge": {
      "options": {
        "overwrite": false,
        "html": false,
        "json": true
      },
      "version": "6.0.1"
    }
  }
}